<?xml version="1.0" encoding="UTF-8"?>
<!-- Generated by org.testng.reporters.JUnitReportReporter -->
<testsuite skipped="0" hostname="LAPTOP-0GLISK19" name="suites.appsuites.AddAddressSuite" tests="1" failures="0" timestamp="16 May 2022 17:30:16 GMT" time="270.149" errors="0">
  <testcase name="gvCashback" time="270.149" classname="suites.appsuites.AddAddressSuite"/>
</testsuite> <!-- suites.appsuites.AddAddressSuite -->
