<?xml version="1.0" encoding="UTF-8"?>
<!-- Generated by org.testng.reporters.JUnitReportReporter -->
<testsuite skipped="0" hostname="LAPTOP-0GLISK19" name="suites.appsuites.ChangePasswordSuite" tests="1" failures="0" timestamp="14 Apr 2022 16:58:28 GMT" time="12.377" errors="0">
  <testcase name="createGV" time="12.377" classname="suites.appsuites.ChangePasswordSuite"/>
</testsuite> <!-- suites.appsuites.ChangePasswordSuite -->
