<?xml version="1.0" encoding="UTF-8"?>
<!-- Generated by org.testng.reporters.JUnitReportReporter -->
<testsuite skipped="0" hostname="LAPTOP-0GLISK19" name="suites.appsuites.CashBackSuite" tests="1" failures="0" timestamp="14 Apr 2022 15:36:28 GMT" time="0.016" errors="0">
  <testcase name="cashback" time="0.016" classname="suites.appsuites.CashBackSuite"/>
</testsuite> <!-- suites.appsuites.CashBackSuite -->
