<?xml version="1.0" encoding="UTF-8"?>
<!-- Generated by org.testng.reporters.JUnitReportReporter -->
<testsuite skipped="0" hostname="LAPTOP-0GLISK19" name="suites.appsuites.CreateAccountSuite" tests="1" failures="0" timestamp="12 Mar 2022 21:05:14 GMT" time="175.552" errors="0">
  <testcase name="createAccount" time="175.552" classname="suites.appsuites.CreateAccountSuite"/>
</testsuite> <!-- suites.appsuites.CreateAccountSuite -->
