<?xml version="1.0" encoding="UTF-8"?>
<!-- Generated by org.testng.reporters.JUnitReportReporter -->
<testsuite skipped="0" hostname="LAPTOP-0GLISK19" name="suites.appsuites.AddGVSuite" tests="1" failures="0" timestamp="15 Feb 2022 15:00:32 GMT" time="38.957" errors="0">
  <testcase name="addGV" time="38.957" classname="suites.appsuites.AddGVSuite"/>
</testsuite> <!-- suites.appsuites.AddGVSuite -->
