<?xml version="1.0" encoding="UTF-8"?>
<!-- Generated by org.testng.reporters.JUnitReportReporter -->
<testsuite skipped="0" hostname="LAPTOP-0GLISK19" name="appsuites.CashBackSuite" tests="1" failures="0" timestamp="27 Jan 2022 16:38:06 GMT" time="107.701" errors="0">
  <testcase name="cashback" time="107.701" classname="appsuites.CashBackSuite"/>
</testsuite> <!-- appsuites.CashBackSuite -->
