<?xml version="1.0" encoding="UTF-8"?>
<!-- Generated by org.testng.reporters.JUnitReportReporter -->
<testsuite skipped="0" hostname="LAPTOP-0GLISK19" name="suites.appsuites.GVCashback" tests="1" failures="0" timestamp="08 Mar 2022 17:52:13 GMT" time="306.206" errors="0">
  <testcase name="gvCashback" time="306.206" classname="suites.appsuites.GVCashback"/>
</testsuite> <!-- suites.appsuites.GVCashback -->
