<?xml version="1.0" encoding="UTF-8"?>
<!-- Generated by org.testng.reporters.JUnitReportReporter -->
<testsuite skipped="0" hostname="LAPTOP-0GLISK19" name="suites.appsuites.GVCashbackSuite" tests="1" failures="0" timestamp="16 May 2022 16:28:49 GMT" time="115.760" errors="0">
  <testcase name="gvCashback" time="115.760" classname="suites.appsuites.GVCashbackSuite"/>
</testsuite> <!-- suites.appsuites.GVCashbackSuite -->
