<?xml version="1.0" encoding="UTF-8"?>
<!-- Generated by org.testng.reporters.JUnitReportReporter -->
<testsuite skipped="0" hostname="LAPTOP-0GLISK19" name="suites.appsuites.ElectricitySuite" tests="1" failures="0" timestamp="30 Apr 2022 08:21:49 GMT" time="75.950" errors="0">
  <testcase name="electricity" time="75.950" classname="suites.appsuites.ElectricitySuite"/>
</testsuite> <!-- suites.appsuites.ElectricitySuite -->
