<?xml version="1.0" encoding="UTF-8"?>
<!-- Generated by org.testng.reporters.JUnitReportReporter -->
<testsuite skipped="0" hostname="LAPTOP-0GLISK19" name="suites.appsuites.AddMoneySuite" tests="1" failures="0" timestamp="24 Apr 2022 13:16:54 GMT" time="88.367" errors="0">
  <testcase name="cashback" time="88.367" classname="suites.appsuites.AddMoneySuite"/>
</testsuite> <!-- suites.appsuites.AddMoneySuite -->
