<?xml version="1.0" encoding="UTF-8"?>
<!-- Generated by org.testng.reporters.JUnitReportReporter -->
<testsuite skipped="0" hostname="LAPTOP-0GLISK19" name="suites.appsuites.CreateGVSuite" tests="1" failures="0" timestamp="12 Feb 2022 12:23:18 GMT" time="32.991" errors="0">
  <testcase name="createGV" time="32.991" classname="suites.appsuites.CreateGVSuite"/>
</testsuite> <!-- suites.appsuites.CreateGVSuite -->
