<?xml version="1.0" encoding="UTF-8"?>
<!-- Generated by org.testng.reporters.JUnitReportReporter -->
<testsuite skipped="0" hostname="LAPTOP-0GLISK19" name="suites.appsuites.RechargeSuite" tests="1" failures="0" timestamp="07 Apr 2022 16:28:03 GMT" time="41.338" errors="0">
  <testcase name="recharge" time="41.338" classname="suites.appsuites.RechargeSuite"/>
</testsuite> <!-- suites.appsuites.RechargeSuite -->
