<?xml version="1.0" encoding="UTF-8"?>
<!-- Generated by org.testng.reporters.JUnitReportReporter -->
<testsuite skipped="0" hostname="LAPTOP-0GLISK19" name="suites.appsuites.GetBalanceSuite" tests="1" failures="0" timestamp="10 Mar 2022 06:24:55 GMT" time="20.554" errors="0">
  <testcase name="gvCashback" time="20.554" classname="suites.appsuites.GetBalanceSuite"/>
</testsuite> <!-- suites.appsuites.GetBalanceSuite -->
