<?xml version="1.0" encoding="UTF-8"?>
<!-- Generated by org.testng.reporters.JUnitReportReporter -->
<testsuite skipped="0" hostname="LAPTOP-0GLISK19" name="suites.appsuites.RechargeSuite" tests="1" failures="0" timestamp="06 Mar 2022 16:10:17 GMT" time="326.421" errors="0">
  <testcase name="recharge" time="326.421" classname="suites.appsuites.RechargeSuite"/>
</testsuite> <!-- suites.appsuites.RechargeSuite -->
